0 info it worked if it ends with ok
1 verbose cli [ '/usr/local/bin/node',
1 verbose cli   '/usr/local/bin/npm',
1 verbose cli   'install',
1 verbose cli   'child_process' ]
2 info using npm@2.14.3
3 info using node@v4.1.0
4 verbose install initial load of /Users/dannyliu/Documents/Wikiproject/package.json
5 warn package.json projectxxx@1.0.0 No description
6 warn package.json projectxxx@1.0.0 No repository field.
7 warn package.json projectxxx@1.0.0 No README data
8 verbose installManyTop reading scoped package data from /Users/dannyliu/Documents/Wikiproject/node_modules/body-parser/package.json
9 verbose installManyTop reading scoped package data from /Users/dannyliu/Documents/Wikiproject/node_modules/chokidar/package.json
10 verbose installManyTop reading scoped package data from /Users/dannyliu/Documents/Wikiproject/node_modules/express/package.json
11 verbose installManyTop reading scoped package data from /Users/dannyliu/Documents/Wikiproject/node_modules/fs/package.json
12 verbose installManyTop reading scoped package data from /Users/dannyliu/Documents/Wikiproject/node_modules/hogan-express/package.json
13 verbose installManyTop reading scoped package data from /Users/dannyliu/Documents/Wikiproject/node_modules/hogan.js/package.json
14 verbose installManyTop reading scoped package data from /Users/dannyliu/Documents/Wikiproject/node_modules/request/package.json
15 verbose installManyTop reading scoped package data from /Users/dannyliu/Documents/Wikiproject/node_modules/response/package.json
16 verbose installManyTop reading scoped package data from /Users/dannyliu/Documents/Wikiproject/node_modules/socket.io/package.json
17 verbose installManyTop reading scoped package data from /Users/dannyliu/Documents/Wikiproject/node_modules/watch/package.json
18 info package.json fs@0.0.2 fs is also the name of a node core module.
19 info package.json fs@0.0.2 No description
20 info package.json fs@0.0.2 No repository field.
21 info package.json fs@0.0.2 No README data
22 info package.json hogan.js@3.0.2 No license field.
23 info package.json socket.io@1.3.7 No license field.
24 info package.json response@0.18.0 license should be a valid SPDX license expression
25 info package.json watch@0.16.0 No license field.
26 verbose readDependencies loading dependencies from /Users/dannyliu/Documents/Wikiproject/package.json
27 silly cache add args [ 'child_process', null ]
28 verbose cache add spec child_process
29 silly cache add parsed spec Result {
29 silly cache add   raw: 'child_process',
29 silly cache add   scope: null,
29 silly cache add   name: 'child_process',
29 silly cache add   rawSpec: '',
29 silly cache add   spec: '*',
29 silly cache add   type: 'range' }
30 silly addNamed child_process@*
31 verbose addNamed "*" is a valid semver range for child_process
32 silly addNameRange { name: 'child_process', range: '*', hasData: false }
33 silly mapToRegistry name child_process
34 silly mapToRegistry using default registry
35 silly mapToRegistry registry https://registry.npmjs.org/
36 silly mapToRegistry uri https://registry.npmjs.org/child_process
37 verbose addNameRange registry:https://registry.npmjs.org/child_process not in flight; fetching
38 verbose request uri https://registry.npmjs.org/child_process
39 verbose request no auth needed
40 info attempt registry request try #1 at 3:27:02 PM
41 verbose request id 456cd58b8c80f372
42 http request GET https://registry.npmjs.org/child_process
43 http 404 https://registry.npmjs.org/child_process
44 verbose headers { 'content-type': 'application/json',
44 verbose headers   'cache-control': 'max-age=0',
44 verbose headers   'content-length': '2',
44 verbose headers   'accept-ranges': 'bytes',
44 verbose headers   date: 'Sun, 29 Nov 2015 20:27:02 GMT',
44 verbose headers   via: '1.1 varnish',
44 verbose headers   age: '0',
44 verbose headers   connection: 'keep-alive',
44 verbose headers   'x-served-by': 'cache-iad2148-IAD',
44 verbose headers   'x-cache': 'MISS',
44 verbose headers   'x-cache-hits': '0',
44 verbose headers   'x-timer': 'S1448828821.857618,VS0,VE365' }
45 silly get cb [ 404,
45 silly get   { 'content-type': 'application/json',
45 silly get     'cache-control': 'max-age=0',
45 silly get     'content-length': '2',
45 silly get     'accept-ranges': 'bytes',
45 silly get     date: 'Sun, 29 Nov 2015 20:27:02 GMT',
45 silly get     via: '1.1 varnish',
45 silly get     age: '0',
45 silly get     connection: 'keep-alive',
45 silly get     'x-served-by': 'cache-iad2148-IAD',
45 silly get     'x-cache': 'MISS',
45 silly get     'x-cache-hits': '0',
45 silly get     'x-timer': 'S1448828821.857618,VS0,VE365' } ]
46 verbose stack Error: Registry returned 404 for GET on https://registry.npmjs.org/child_process
46 verbose stack     at makeError (/usr/local/lib/node_modules/npm/node_modules/npm-registry-client/lib/request.js:263:12)
46 verbose stack     at CachingRegistryClient.<anonymous> (/usr/local/lib/node_modules/npm/node_modules/npm-registry-client/lib/request.js:241:14)
46 verbose stack     at Request._callback (/usr/local/lib/node_modules/npm/node_modules/npm-registry-client/lib/request.js:171:14)
46 verbose stack     at Request.self.callback (/usr/local/lib/node_modules/npm/node_modules/request/request.js:198:22)
46 verbose stack     at emitTwo (events.js:87:13)
46 verbose stack     at Request.emit (events.js:172:7)
46 verbose stack     at Request.<anonymous> (/usr/local/lib/node_modules/npm/node_modules/request/request.js:1073:14)
46 verbose stack     at emitOne (events.js:82:20)
46 verbose stack     at Request.emit (events.js:169:7)
46 verbose stack     at IncomingMessage.<anonymous> (/usr/local/lib/node_modules/npm/node_modules/request/request.js:1019:12)
47 verbose statusCode 404
48 verbose pkgid child_process
49 verbose cwd /Users/dannyliu/Documents/Wikiproject
50 error Darwin 14.5.0
51 error argv "/usr/local/bin/node" "/usr/local/bin/npm" "install" "child_process"
52 error node v4.1.0
53 error npm  v2.14.3
54 error code E404
55 error 404 Registry returned 404 for GET on https://registry.npmjs.org/child_process
55 error 404
55 error 404 'child_process' is not in the npm registry.
55 error 404 Your package name is not valid, because
55 error 404
55 error 404  1. child_process is a core module name
55 error 404 It was specified as a dependency of 'projectxxx'
55 error 404
55 error 404 Note that you can also install from a
55 error 404 tarball, folder, http url, or git url.
56 verbose exit [ 1, true ]
